<?xml version="1.0" encoding="UTF-8"?>
<testsuite xmlns:xsi="http://www.w3.org/2001/XMLSchema-instance" xsi:noNamespaceSchemaLocation="https://maven.apache.org/surefire/maven-surefire-plugin/xsd/surefire-test-report-3.0.xsd" version="3.0" name="com.nodoapi.nodoapi.persistence.repository.CourseRepositoryTest" time="10.045" tests="1" errors="0" skipped="0" failures="0">
  <properties>
[...]
</properties>
  <testcase name="canFindAllByIdSchool" classname="com.nodoapi.nodoapi.persistence.repository.CourseRepositoryTest" time="1.202">
    <system-out><![CDATA[15:25:36.120 [main] INFO org.springframework.test.context.support.AnnotationConfigContextLoaderUtils -- Could not detect default configuration classes for test class [com.nodoapi.nodoapi.persistence.repository.CourseRepositoryTest]: CourseRepositoryTest does not declare any static, non-private, non-final, nested classes annotated with @Configuration.
15:25:36.421 [main] INFO org.springframework.boot.test.context.SpringBootTestContextBootstrapper -- Found @SpringBootConfiguration com.nodoapi.nodoapi.NodoApiApplication for test class com.nodoapi.nodoapi.persistence.repository.CourseRepositoryTest

  .   ____          _            __ _ _
 /\\ / ___'_ __ _ _(_)_ __  __ _ \ \ \ \
( ( )\___ | '_ | '_| | '_ \/ _` | \ \ \ \
 \\/  ___)| |_)| | | | | || (_| |  ) ) ) )
  '  |____| .__|_| |_|_| |_\__, | / / / /
 =========|_|==============|___/=/_/_/_/
 :: Spring Boot ::                (v3.1.0)

2023-06-27T15:25:37.511-05:00  INFO 37060 --- [           main] c.n.n.p.repository.CourseRepositoryTest  : Starting CourseRepositoryTest using Java 19.0.2 with PID 37060 (started by felipe in /home/felipe/Documents/dev/nodo/backend/nodo-api)
2023-06-27T15:25:37.515-05:00  INFO 37060 --- [           main] c.n.n.p.repository.CourseRepositoryTest  : No active profile set, falling back to 1 default profile: "default"
2023-06-27T15:25:38.439-05:00  INFO 37060 --- [           main] .s.d.r.c.RepositoryConfigurationDelegate : Bootstrapping Spring Data JPA repositories in DEFAULT mode.
2023-06-27T15:25:38.626-05:00  INFO 37060 --- [           main] .s.d.r.c.RepositoryConfigurationDelegate : Finished Spring Data repository scanning in 164 ms. Found 9 JPA repository interfaces.
2023-06-27T15:25:38.768-05:00  INFO 37060 --- [           main] beddedDataSourceBeanFactoryPostProcessor : Replacing 'dataSource' DataSource bean with embedded version
2023-06-27T15:25:39.219-05:00  INFO 37060 --- [           main] o.s.j.d.e.EmbeddedDatabaseFactory        : Starting embedded database: url='jdbc:h2:mem:7753759d-dd74-4daf-80da-4f1d355e9455;DB_CLOSE_DELAY=-1;DB_CLOSE_ON_EXIT=false', username='sa'
2023-06-27T15:25:40.025-05:00  INFO 37060 --- [           main] o.hibernate.jpa.internal.util.LogHelper  : HHH000204: Processing PersistenceUnitInfo [name: default]
2023-06-27T15:25:40.182-05:00  INFO 37060 --- [           main] org.hibernate.Version                    : HHH000412: Hibernate ORM core version 6.2.2.Final
2023-06-27T15:25:40.201-05:00  INFO 37060 --- [           main] org.hibernate.cfg.Environment            : HHH000406: Using bytecode reflection optimizer
2023-06-27T15:25:40.503-05:00  INFO 37060 --- [           main] o.h.b.i.BytecodeProviderInitiator        : HHH000021: Bytecode provider name : bytebuddy
2023-06-27T15:25:40.827-05:00  INFO 37060 --- [           main] o.s.o.j.p.SpringPersistenceUnitInfo      : No LoadTimeWeaver setup: ignoring JPA class transformer
2023-06-27T15:25:40.972-05:00  INFO 37060 --- [           main] org.hibernate.orm.dialect                : HHH035001: Using dialect: org.hibernate.dialect.H2Dialect, version: 2.1.214
2023-06-27T15:25:41.576-05:00  INFO 37060 --- [           main] o.h.b.i.BytecodeProviderInitiator        : HHH000021: Bytecode provider name : bytebuddy
2023-06-27T15:25:43.448-05:00  INFO 37060 --- [           main] o.h.e.t.j.p.i.JtaPlatformInitiator       : HHH000490: Using JtaPlatform implementation: [org.hibernate.engine.transaction.jta.platform.internal.NoJtaPlatform]
Hibernate: drop table if exists class cascade 
Hibernate: drop table if exists comment cascade 
Hibernate: drop table if exists course cascade 
Hibernate: drop table if exists payments_reference cascade 
Hibernate: drop table if exists person cascade 
Hibernate: drop table if exists rol cascade 
Hibernate: drop table if exists school cascade 
Hibernate: drop table if exists sub cascade 
Hibernate: drop table if exists sub_detail cascade 
Hibernate: create table class (id_class bigint generated by default as identity, id_course bigint, title varchar(255), video varchar(255), primary key (id_class))
Hibernate: create table comment (date timestamp(6), id_class bigint, id_comment bigint generated by default as identity, id_person bigint, comment varchar(255), primary key (id_comment))
Hibernate: create table course (id_course bigint generated by default as identity, id_school bigint, description varchar(255), duration varchar(255), image varchar(255), name varchar(255), primary key (id_course))
Hibernate: create table payments_reference (date timestamp(6), id_payment_reference bigint generated by default as identity, primary key (id_payment_reference))
Hibernate: create table person (age integer, id_person bigint generated by default as identity, id_rol bigint, email varchar(255), name varchar(255), password varchar(255), primary key (id_person))
Hibernate: create table rol (id_rol bigint generated by default as identity, name varchar(255), primary key (id_rol))
Hibernate: create table school (id_school bigint generated by default as identity, name varchar(255), primary key (id_school))
Hibernate: create table sub (id_sub bigint generated by default as identity, state varchar(255), type varchar(255), primary key (id_sub))
Hibernate: create table sub_detail (end_date timestamp(6), id_person bigint, id_sub bigint, id_sub_detail bigint generated by default as identity, start_date timestamp(6), primary key (id_sub_detail))
Hibernate: alter table if exists class add constraint FKmgykbnc31e15wbwnms085l9tv foreign key (id_course) references course
Hibernate: alter table if exists comment add constraint FKqkl5fmgqinq73ke5d9dr96bto foreign key (id_class) references class
Hibernate: alter table if exists comment add constraint FKobr5ji8em6wwcvwxg572wytwj foreign key (id_person) references person
Hibernate: alter table if exists course add constraint FKqglp3l5h0l1axwuxqlk8xbtvw foreign key (id_school) references school
Hibernate: alter table if exists person add constraint FK5xukfk3ndkmrm2efvh9y51ncj foreign key (id_rol) references rol
Hibernate: alter table if exists sub_detail add constraint FKt3af3e0x0o6ixwpf18yk921e1 foreign key (id_sub) references sub
Hibernate: alter table if exists sub_detail add constraint FKixspdkflktgx9n3nta4kinju4 foreign key (id_person) references person
2023-06-27T15:25:43.562-05:00  INFO 37060 --- [           main] o.h.t.s.i.e.GenerationTargetToDatabase   : HHH000476: Executing script '[injected ScriptSourceInputNonExistentImpl script]'
2023-06-27T15:25:43.567-05:00  INFO 37060 --- [           main] j.LocalContainerEntityManagerFactoryBean : Initialized JPA EntityManagerFactory for persistence unit 'default'
2023-06-27T15:25:44.461-05:00  INFO 37060 --- [           main] c.n.n.p.repository.CourseRepositoryTest  : Started CourseRepositoryTest in 7.872 seconds (process running for 10.448)
Hibernate: select s1_0.id_school,s1_0.name from school s1_0 where s1_0.id_school=?
Hibernate: insert into school (name,id_school) values (?,default)
Hibernate: insert into course (description,duration,id_school,image,name,id_course) values (?,?,?,?,?,default)
Hibernate: insert into course (description,duration,id_school,image,name,id_course) values (?,?,?,?,?,default)
Hibernate: insert into course (description,duration,id_school,image,name,id_course) values (?,?,?,?,?,default)
Hibernate: select c1_0.id_course,c1_0.description,c1_0.duration,c1_0.id_school,c1_0.image,c1_0.name from course c1_0 where c1_0.id_school=?
Hibernate: select c1_0.id_course,c1_0.description,c1_0.duration,c1_0.id_school,c1_0.image,c1_0.name from course c1_0
Hibernate: select s1_0.id_school,s1_0.name from school s1_0
]]></system-out>
  </testcase>
</testsuite>